<?xml version="1.0" encoding="UTF-8"?>
<testng-results skipped="0" failed="0" ignored="0" total="1" passed="1">
  <reporter-output>
  </reporter-output>
  <suite name="Default suite" duration-ms="41537" started-at="2022-04-24T03:40:06Z" finished-at="2022-04-24T03:40:47Z">
    <groups>
    </groups>
    <test name="Default test" duration-ms="41537" started-at="2022-04-24T03:40:06Z" finished-at="2022-04-24T03:40:47Z">
      <class name="tests.LoginTC_POM">
        <test-method status="PASS" signature="login()[pri:0, instance:tests.LoginTC_POM@5e3a8624]" name="login" duration-ms="41319" started-at="2022-04-24T03:40:06Z" finished-at="2022-04-24T03:40:47Z">
          <reporter-output>
          </reporter-output>
        </test-method> <!-- login -->
      </class> <!-- tests.LoginTC_POM -->
    </test> <!-- Default test -->
  </suite> <!-- Default suite -->
</testng-results>
